QIABSHYKGLMF
QPMDLCFBHAXESWNJVIGOURKYZT
PVBRHZICXJDEQFSLYUG
GWOZH
PTKBNDGZS
T
TM
MEINTOHJGPCWDABQRUZYVFS
SCRVNLHOI
EWPCLUVQT
SEDYLFNGOZMUJXATHQWPKRIC
RQJITFZMBGPAVUKNCX
SMTRYEFKVAPJLIWBQHCDGUN
NB
GSLBZUWMEOIVFP
QJPIZTXBNMYGWSRAKUDF
DGCWYBAPJNOV
ROILAMGEKSUH
LXBQAPFVCJTNYGEDKZI
GLKRWJH
KEHIJGPZNQLCXOYTRVS
QWYPTNRKJB
FUVLNHJWDYZTOAMSI
NIFKJPYWLOXMGDCZQUTE
EOJKLUHSIRQTZPNC
UZEF
SLGOWYEKDMZFV
RWJNFAGYQUTZMIVEPLSXH
UBSVRLJTKCWY
XRLQNMDFUHEPSCTWKAIOZYVJ
OVKSQZMEWCTLD
YISNH
SOXCJLFWUNH
VPCWIKOZLYN
KSLQNMXTVPDRJWOYIGU
HUAQYOGTRJSMVC
G
MGJWLDIF
IABG
ZRBCVMOPHFGLANKSWTQXDY
TJIOGBDQVUX
ZNX
PKRBIAYHDCXENWOVZUFQ
JRFPGBWIZHEDUMOQ
ETVWARPLUFX
CDPTLJGWMXFYQ
PGCNSQDHZJALYMBOEXIRFV
E
G
QLCOTABYKVRPNGXWDFUME
TGOKCZXQFBMUSYLAN
QO
HOSLWARKXGBZVPJUDEYF
PLQDBHK
S
GMCUVHYQNSRW
WGCB
LMYSCXTEF
LNEUTYQH
SUXAQHZKGBNWRPMDFTOJ
DN
JZTLGRAIDHYKF
IBUTSQERL
FE
DNGEZ
BQEJLKMARHFUZGDXTVWCYSNO
WMGISKJHVECBOPRDXYLFZAT
RFQWXZPGKJCV
T
SYGQL
XLPFREHNVJMZGBYTKA
NSWJUGBM
IP
LAEFVZYNMGSKQJOUPCXWBRDTHI
NKVSACIELYHDMUJWFGXOTP
PBUKXCR
TMAIQVGOFUB
UVXPRENZMBYKOIJHDFSW
TXVYQCSI
WQV
PBUYEWJQ
ILKTPHOEYSAJXGVUB
PHXDNZKF
OKZEDFHJQCXILR
GEDRJAQOCP
GTOZIVKLNMEUDQYJSHWCAP
YQUIC
EHZDYLIWQVNCK
FOKHUDERCWQZVINMTPGBSYJALX
YBSQXLNER
WZKGCDEJMUQXVAPBRFILSTHNOY
JMXYLKAWNPEVTBQGFSZCHIRUO
VEXUAWRIGNLFSBQMOKPJCDH
PUBVNOITYMXLGCKSDJ
NWBAO
DBMLPKVAQGSEWCFRT
MRSKDLNVPOZJIEYCTGWBFXAH
JIYOBEHMPTCWFDNQZAVLKXRU
BVKRCTJF
VGTKLBCSFYXAJIEH
