21
28
12
95
25
18
112
29
15
21
4
40
89
35
1
26
22
35
27
29
9
15
12
17
8
305
51
71
50
23
27
83
73
42
19
40
6
33
26
5
6
29
22
83
44
77
48
30
112
289
9
17
27
9
33
25
27
208
19
7
3
28
8
15
6
57
104
16
30
5
12
168
38
8
19
33
20
1
116
148
26
7
26
55
49
25
53
9
12
47
30
14
14
23
5
107
3
38
129
47
6
13
69
20
51
55
1
78
23
6
19
117
15
33
10
16
97
23
255
3
19
8
25
20
8
24
8
8
2
558
10
4
28
12
13
244
6
10
7
4
24
19
12
137
2
67
30
21
43
12
8
19
15
1
64
300
28
19
65
124
4
26
21
18
17
9
35
27
19
67
8
20
68
24
21
38
13
40
17
228
19
126
148
2
29
199
16
46
33
21
74
15
18
3
13
9
19
44
150
4
